<?xml version="1.0" encoding="UTF-8"?>
<!-- Generated by org.testng.reporters.JUnitXMLReporter -->
<testsuite hostname="IL-1141" ignored="0" name="LoginTest" tests="4" failures="0" timestamp="15 Jun 2018 18:16:56 GMT" time="36.656" errors="0">
  <testcase name="testCase04" time="1.46" classname="fourthtestngproject.FourthTestNGProject"/>
  <testcase name="testCase04" time="0.852" classname="fourthtestngproject.FourthTestNGProject"/>
  <testcase name="testCase04" time="0.909" classname="fourthtestngproject.FourthTestNGProject"/>
  <testcase name="testCase04" time="0.88" classname="fourthtestngproject.FourthTestNGProject"/>
</testsuite> <!-- LoginTest -->
