<?xml version="1.0" encoding="UTF-8"?>
<!-- Generated by org.testng.reporters.JUnitXMLReporter -->
<testsuite hostname="IL-1141" ignored="0" name="Test" tests="4" failures="0" timestamp="15 Jun 2018 18:12:16 GMT" time="36.549" errors="0">
  <testcase name="testCase04" time="1.846" classname="fourthtestngproject.FourthTestNGProject"/>
  <testcase name="testCase04" time="1.151" classname="fourthtestngproject.FourthTestNGProject"/>
  <testcase name="testCase04" time="0.882" classname="fourthtestngproject.FourthTestNGProject"/>
  <testcase name="testCase04" time="0.9" classname="fourthtestngproject.FourthTestNGProject"/>
</testsuite> <!-- Test -->
