<?xml version="1.0" encoding="UTF-8"?>
<!-- Generated by org.testng.reporters.JUnitXMLReporter -->
<testsuite hostname="IL-1141" ignored="0" name="Testing Parameterization" tests="1" failures="1" timestamp="15 Jun 2018 19:11:24 GMT" time="0.121" errors="0">
  <testcase name="@AfterMethod closeHomePage" time="0.002" classname="fourthtestngproject.FourthTestNGProject">
    <failure type="java.lang.NullPointerException">
      <![CDATA[java.lang.NullPointerException
at fourthtestngproject.FourthTestNGProject.closeHomePage(FourthTestNGProject.java:50)
... Removed 28 stack frames]]>
    </failure>
  </testcase> <!-- @AfterMethod closeHomePage -->
  <testcase name="testLogin" time="0.019" classname="fourthtestngproject.FourthTestNGProject">
    <failure type="java.lang.NullPointerException">
      <![CDATA[java.lang.NullPointerException
at fourthtestngproject.FourthTestNGProject.testLogin(FourthTestNGProject.java:35)
... Removed 25 stack frames]]>
    </failure>
  </testcase> <!-- testLogin -->
</testsuite> <!-- Testing Parameterization -->
